<?xml version="1.0" encoding="UTF-8"?>
<!-- Generated by org.testng.reporters.JUnitReportReporter -->
<testsuite hostname="DESKTOP-VPG8QQH" failures="0" tests="1" name="com.katalon.tests.ProductTest" time="13.541" errors="0" timestamp="2025-01-08T08:52:08 GMT" skipped="0">
  <testcase classname="com.katalon.tests.ProductTest" name="RegisterTest" time="13.541"/>
  <system-out/>
</testsuite> <!-- com.katalon.tests.ProductTest -->
